<?xml version="1.0" encoding="UTF-8"?>
<!-- Generated by org.testng.reporters.JUnitReportReporter -->
<testsuite hostname="DESKTOP-S8R4H3J" failures="0" tests="4" name="Testng.invocationcount" time="0.013" errors="0" timestamp="2023-11-09T00:12:08 IST" skipped="0">
  <testcase classname="Testng.invocationcount" name="test" time="0.002"/>
  <testcase classname="Testng.invocationcount" name="test" time="0.005"/>
  <testcase classname="Testng.invocationcount" name="test" time="0.003"/>
  <testcase classname="Testng.invocationcount" name="test" time="0.003"/>
</testsuite> <!-- Testng.invocationcount -->
