<?xml version="1.0" encoding="UTF-8"?>
<!-- Generated by org.testng.reporters.JUnitReportReporter -->
<testsuite hostname="DESKTOP-S8R4H3J" failures="0" tests="4" name="Testng.Prioritydemo" time="0.025" errors="0" timestamp="2023-11-09T00:12:08 IST" skipped="0">
  <testcase classname="Testng.Prioritydemo" name="mukesh" time="0.011"/>
  <testcase classname="Testng.Prioritydemo" name="prashis" time="0.005"/>
  <testcase classname="Testng.Prioritydemo" name="abhi" time="0.004"/>
  <testcase classname="Testng.Prioritydemo" name="dhanraj" time="0.005"/>
</testsuite> <!-- Testng.Prioritydemo -->
