<?xml version="1.0" encoding="UTF-8"?>
<!-- Generated by org.testng.reporters.JUnitReportReporter -->
<testsuite hostname="DESKTOP-S8R4H3J" failures="0" tests="4" name="Testng.groupsdemo" time="0.041" errors="0" timestamp="2023-11-09T00:12:08 IST" skipped="0">
  <testcase classname="Testng.groupsdemo" name="mobile" time="0.003"/>
  <testcase classname="Testng.groupsdemo" name="cricket1" time="0.016"/>
  <testcase classname="Testng.groupsdemo" name="cricket" time="0.015"/>
  <testcase classname="Testng.groupsdemo" name="mobile1" time="0.007"/>
</testsuite> <!-- Testng.groupsdemo -->
