<?xml version="1.0" encoding="UTF-8"?>
<!-- Generated by org.testng.reporters.JUnitReportReporter -->
<testsuite hostname="DESKTOP-S8R4H3J" failures="0" tests="1" name="Testng.anotationdemo" time="0.017" errors="0" timestamp="2023-11-09T00:12:08 IST" skipped="0">
  <testcase classname="Testng.anotationdemo" name="validatetitle" time="0.017"/>
</testsuite> <!-- Testng.anotationdemo -->
