<?xml version="1.0" encoding="UTF-8"?>
<!-- Generated by org.testng.reporters.JUnitReportReporter -->
<testsuite hostname="DESKTOP-S8R4H3J" failures="0" tests="2" name="com.testcases.loginpaggetest" time="30.810" errors="0" timestamp="2023-11-17T19:33:25 IST" skipped="0">
  <testcase classname="com.testcases.loginpaggetest" name="validatetitle" time="15.766"/>
  <testcase classname="com.testcases.loginpaggetest" name="validatelogintest" time="15.044"/>
</testsuite> <!-- com.testcases.loginpaggetest -->
